<?xml version="1.0" encoding="utf-8"?><testsuites name="pytest tests"><testsuite name="pytest" errors="0" failures="0" skipped="0" tests="17" time="7.905" timestamp="2026-06-25T23:58:38.728668+00:00" hostname="agent-env-32310ec1-0e66-4730-8cc6-817c7f3fae31"><testcase classname="tests.test_admin_and_direct_dispatch.TestAdminRBAC" name="test_admin_stats_ok" time="0.509" /><testcase classname="tests.test_admin_and_direct_dispatch.TestAdminRBAC" name="test_admin_pending_list_ok" time="0.356" /><testcase classname="tests.test_admin_and_direct_dispatch.TestAdminRBAC" name="test_non_admin_stats_403" time="0.421" /><testcase classname="tests.test_admin_and_direct_dispatch.TestAdminRBAC" name="test_non_admin_pending_403" time="0.096" /><testcase classname="tests.test_admin_and_direct_dispatch.TestAdminVerifyAndGating" name="test_pending_driver_cannot_accept" time="0.587" /><testcase classname="tests.test_admin_and_direct_dispatch.TestAdminVerifyAndGating" name="test_admin_reject_then_approve_flow" time="1.199" /><testcase classname="tests.test_admin_and_direct_dispatch.TestAdminVerifyAndGating" name="test_verify_unknown_driver_404" time="0.143" /><testcase classname="tests.test_admin_and_direct_dispatch.TestDirectDispatch" name="test_direct_create_sets_directed_to_and_open" time="0.443" /><testcase classname="tests.test_admin_and_direct_dispatch.TestDirectDispatch" name="test_direct_to_unapproved_driver_400" time="0.120" /><testcase classname="tests.test_admin_and_direct_dispatch.TestDirectDispatch" name="test_feed_targeting_isolation" time="0.770" /><testcase classname="tests.test_admin_and_direct_dispatch.TestDirectDispatch" name="test_non_target_cannot_accept_directed_job" time="0.556" /><testcase classname="tests.test_admin_and_direct_dispatch.TestDirectDispatch" name="test_decline_non_target_403" time="0.535" /><testcase classname="tests.test_admin_and_direct_dispatch.TestDirectDispatch" name="test_decline_by_target_opens_to_all" time="0.707" /><testcase classname="tests.test_admin_and_direct_dispatch.TestRegression" name="test_instant_dispatch_auto_matches" time="0.107" /><testcase classname="tests.test_admin_and_direct_dispatch.TestRegression" name="test_connect_status_returns_shape" time="0.700" /><testcase classname="tests.test_admin_and_direct_dispatch.TestRegression" name="test_connect_onboarding_link" time="0.379" /><testcase classname="tests.test_admin_and_direct_dispatch.TestRegression" name="test_user_reviews" time="0.106" /></testsuite></testsuites>