<?xml version="1.0" encoding="utf-8"?><testsuites name="pytest tests"><testsuite name="pytest" errors="0" failures="0" skipped="0" tests="10" time="4.570" timestamp="2026-06-21T11:32:23.069628+00:00" hostname="agent-env-32310ec1-0e66-4730-8cc6-817c7f3fae31"><testcase classname="tests.test_connect_and_email_lifecycle.TestDriverConnect" name="test_connect_status_requires_auth" time="0.217" /><testcase classname="tests.test_connect_and_email_lifecycle.TestDriverConnect" name="test_connect_onboarding_requires_auth" time="0.132" /><testcase classname="tests.test_connect_and_email_lifecycle.TestDriverConnect" name="test_connect_status_shape" time="1.314" /><testcase classname="tests.test_connect_and_email_lifecycle.TestDriverConnect" name="test_connect_onboarding_link" time="0.532" /><testcase classname="tests.test_connect_and_email_lifecycle.TestDriverConnect" name="test_connect_status_after_account_created_is_connected_true" time="0.820" /><testcase classname="tests.test_connect_and_email_lifecycle.TestJobLifecycleWithEmailHooks" name="test_full_lifecycle_offers_mode" time="0.950" /><testcase classname="tests.test_connect_and_email_lifecycle.TestPaymentsVerify" name="test_verify_unknown_session_returns_404" time="0.247" /><testcase classname="tests.test_connect_and_email_lifecycle.TestPaymentsVerify" name="test_verify_requires_auth" time="0.091" /><testcase classname="tests.test_connect_and_email_lifecycle.TestDriverEarnings" name="test_earnings_shape" time="0.104" /><testcase classname="tests.test_connect_and_email_lifecycle.TestDriverEarnings" name="test_earnings_requires_auth" time="0.088" /></testsuite></testsuites>