<?xml version="1.0" encoding="utf-8"?><testsuites name="pytest tests"><testsuite name="pytest" errors="0" failures="0" skipped="0" tests="29" time="10.960" timestamp="2026-06-25T11:46:06.306388+00:00" hostname="agent-env-32310ec1-0e66-4730-8cc6-817c7f3fae31"><testcase classname="tests.test_connect_and_email_lifecycle.TestDriverConnect" name="test_connect_status_requires_auth" time="0.134" /><testcase classname="tests.test_connect_and_email_lifecycle.TestDriverConnect" name="test_connect_onboarding_requires_auth" time="0.148" /><testcase classname="tests.test_connect_and_email_lifecycle.TestDriverConnect" name="test_connect_status_shape" time="1.349" /><testcase classname="tests.test_connect_and_email_lifecycle.TestDriverConnect" name="test_connect_onboarding_link" time="0.529" /><testcase classname="tests.test_connect_and_email_lifecycle.TestDriverConnect" name="test_connect_status_after_account_created_is_connected_true" time="0.946" /><testcase classname="tests.test_connect_and_email_lifecycle.TestJobLifecycleWithEmailHooks" name="test_full_lifecycle_offers_mode" time="1.032" /><testcase classname="tests.test_connect_and_email_lifecycle.TestPaymentsVerify" name="test_verify_unknown_session_returns_404" time="0.185" /><testcase classname="tests.test_connect_and_email_lifecycle.TestPaymentsVerify" name="test_verify_requires_auth" time="0.102" /><testcase classname="tests.test_connect_and_email_lifecycle.TestDriverEarnings" name="test_earnings_shape" time="0.106" /><testcase classname="tests.test_connect_and_email_lifecycle.TestDriverEarnings" name="test_earnings_requires_auth" time="0.094" /><testcase classname="tests.test_payments_subs.TestPaymentsConfig" name="test_payments_config_enabled" time="0.139" /><testcase classname="tests.test_payments_subs.TestPaymentsConfig" name="test_plans_customer" time="0.104" /><testcase classname="tests.test_payments_subs.TestPaymentsConfig" name="test_plans_driver" time="0.092" /><testcase classname="tests.test_payments_subs.TestSubscriptionCheckout" name="test_create_sub_checkout_pro_monthly" time="0.927" /><testcase classname="tests.test_payments_subs.TestSubscriptionCheckout" name="test_create_sub_checkout_annual" time="0.535" /><testcase classname="tests.test_payments_subs.TestSubscriptionCheckout" name="test_create_sub_checkout_driver" time="0.889" /><testcase classname="tests.test_payments_subs.TestSubscriptionCheckout" name="test_create_sub_checkout_invalid_plan" time="0.100" /><testcase classname="tests.test_payments_subs.TestSubscriptionCheckout" name="test_create_sub_checkout_unauthorized" time="0.095" /><testcase classname="tests.test_payments_subs.TestSubscriptionCheckout" name="test_verify_unknown_session_returns_pending_or_404" time="0.194" /><testcase classname="tests.test_payments_subs.TestStripeCheckoutSession" name="test_checkout_url_is_live_and_aud" time="0.649" /><testcase classname="tests.test_payments_subs.TestJobCheckout" name="test_create_job_checkout_full_flow" time="0.491" /><testcase classname="tests.test_payments_subs.TestJobCheckout" name="test_job_checkout_unknown_job" time="0.094" /><testcase classname="tests.test_payments_subs.TestSubscriptionDiscount" name="test_pro_subscription_applies_20pct_discount" time="0.695" /><testcase classname="tests.test_payments_subs.TestOtpSignup" name="test_signup_without_otp_when_twilio_enabled_fails" time="0.094" /><testcase classname="tests.test_payments_subs.TestOtpSignup" name="test_signup_with_bad_otp_fails" time="0.096" /><testcase classname="tests.test_payments_subs.TestRegression" name="test_login_demo_customer" time="0.327" /><testcase classname="tests.test_payments_subs.TestRegression" name="test_login_demo_driver" time="0.316" /><testcase classname="tests.test_payments_subs.TestRegression" name="test_role_toggle_demo" time="0.221" /><testcase classname="tests.test_payments_subs.TestRegression" name="test_verified_drivers_and_feed" time="0.197" /></testsuite></testsuites>