<?xml version="1.0" encoding="utf-8"?><testsuites name="pytest tests"><testsuite name="pytest" errors="9" failures="3" skipped="0" tests="46" time="11.212" timestamp="2026-06-21T11:32:32.358529+00:00" hostname="agent-env-32310ec1-0e66-4730-8cc6-817c7f3fae31"><testcase classname="tests.test_connect_and_email_lifecycle.TestDriverConnect" name="test_connect_status_requires_auth" time="0.113" /><testcase classname="tests.test_connect_and_email_lifecycle.TestDriverConnect" name="test_connect_onboarding_requires_auth" time="0.090" /><testcase classname="tests.test_connect_and_email_lifecycle.TestDriverConnect" name="test_connect_status_shape" time="0.919" /><testcase classname="tests.test_connect_and_email_lifecycle.TestDriverConnect" name="test_connect_onboarding_link" time="0.360" /><testcase classname="tests.test_connect_and_email_lifecycle.TestDriverConnect" name="test_connect_status_after_account_created_is_connected_true" time="0.812" /><testcase classname="tests.test_connect_and_email_lifecycle.TestJobLifecycleWithEmailHooks" name="test_full_lifecycle_offers_mode" time="0.882" /><testcase classname="tests.test_connect_and_email_lifecycle.TestPaymentsVerify" name="test_verify_unknown_session_returns_404" time="0.189" /><testcase classname="tests.test_connect_and_email_lifecycle.TestPaymentsVerify" name="test_verify_requires_auth" time="0.092" /><testcase classname="tests.test_connect_and_email_lifecycle.TestDriverEarnings" name="test_earnings_shape" time="0.091" /><testcase classname="tests.test_connect_and_email_lifecycle.TestDriverEarnings" name="test_earnings_requires_auth" time="0.088" /><testcase classname="tests.test_payments_subs.TestPaymentsConfig" name="test_payments_config_enabled" time="0.090" /><testcase classname="tests.test_payments_subs.TestPaymentsConfig" name="test_plans_customer" time="0.092" /><testcase classname="tests.test_payments_subs.TestPaymentsConfig" name="test_plans_driver" time="0.132" /><testcase classname="tests.test_payments_subs.TestSubscriptionCheckout" name="test_create_sub_checkout_pro_monthly" time="0.746" /><testcase classname="tests.test_payments_subs.TestSubscriptionCheckout" name="test_create_sub_checkout_annual" time="0.539" /><testcase classname="tests.test_payments_subs.TestSubscriptionCheckout" name="test_create_sub_checkout_driver" time="0.724" /><testcase classname="tests.test_payments_subs.TestSubscriptionCheckout" name="test_create_sub_checkout_invalid_plan" time="0.093" /><testcase classname="tests.test_payments_subs.TestSubscriptionCheckout" name="test_create_sub_checkout_unauthorized" time="0.099" /><testcase classname="tests.test_payments_subs.TestSubscriptionCheckout" name="test_verify_unknown_session_returns_pending_or_404" time="0.168" /><testcase classname="tests.test_payments_subs.TestStripeCheckoutSession" name="test_checkout_url_is_live_and_aud" time="0.619" /><testcase classname="tests.test_payments_subs.TestJobCheckout" name="test_create_job_checkout_full_flow" time="0.469" /><testcase classname="tests.test_payments_subs.TestJobCheckout" name="test_job_checkout_unknown_job" time="0.094" /><testcase classname="tests.test_payments_subs.TestSubscriptionDiscount" name="test_pro_subscription_applies_20pct_discount" time="0.710" /><testcase classname="tests.test_payments_subs.TestOtpSignup" name="test_signup_without_otp_when_twilio_enabled_fails" time="0.092" /><testcase classname="tests.test_payments_subs.TestOtpSignup" name="test_signup_with_bad_otp_fails" time="0.098" /><testcase classname="tests.test_payments_subs.TestRegression" name="test_login_demo_customer" time="0.315" /><testcase classname="tests.test_payments_subs.TestRegression" name="test_login_demo_driver" time="0.314" /><testcase classname="tests.test_payments_subs.TestRegression" name="test_role_toggle_demo" time="0.181" /><testcase classname="tests.test_payments_subs.TestRegression" name="test_verified_drivers_and_feed" time="0.204" /><testcase classname="tests.test_uterun_backend.TestAuth" name="test_root" time="0.122" /><testcase classname="tests.test_uterun_backend.TestAuth" name="test_signup_new" time="0.091"><failure message="assert 400 == 200&#10; +  where 400 = &lt;Response [400]&gt;.status_code">E   assert 400 == 200
     +  where 400 = &lt;Response [400]&gt;.status_code</failure></testcase><testcase classname="tests.test_uterun_backend.TestAuth" name="test_signup_duplicate" time="0.182"><error message="failed on setup with &quot;AssertionError: signup failed: {&quot;detail&quot;:&quot;Phone verification code required&quot;}&#10;assert 400 == 200&#10; +  where 400 = &lt;Response [400]&gt;.status_code&quot;">E   AssertionError: signup failed: {"detail":"Phone verification code required"}
    assert 400 == 200
     +  where 400 = &lt;Response [400]&gt;.status_code</error></testcase><testcase classname="tests.test_uterun_backend.TestAuth" name="test_login_invalid" time="0.089" /><testcase classname="tests.test_uterun_backend.TestAuth" name="test_me" time="0.000"><error message="failed on setup with &quot;AssertionError: signup failed: {&quot;detail&quot;:&quot;Phone verification code required&quot;}&#10;assert 400 == 200&#10; +  where 400 = &lt;Response [400]&gt;.status_code&quot;">E   AssertionError: signup failed: {"detail":"Phone verification code required"}
    assert 400 == 200
     +  where 400 = &lt;Response [400]&gt;.status_code</error></testcase><testcase classname="tests.test_uterun_backend.TestAuth" name="test_me_unauthorized" time="0.089" /><testcase classname="tests.test_uterun_backend.TestAuth" name="test_role_toggle" time="0.000"><error message="failed on setup with &quot;AssertionError: signup failed: {&quot;detail&quot;:&quot;Phone verification code required&quot;}&#10;assert 400 == 200&#10; +  where 400 = &lt;Response [400]&gt;.status_code&quot;">E   AssertionError: signup failed: {"detail":"Phone verification code required"}
    assert 400 == 200
     +  where 400 = &lt;Response [400]&gt;.status_code</error></testcase><testcase classname="tests.test_uterun_backend.TestAuth" name="test_otp_mock" time="0.581"><failure message="assert 400 == 200&#10; +  where 400 = &lt;Response [400]&gt;.status_code">E   assert 400 == 200
     +  where 400 = &lt;Response [400]&gt;.status_code</failure></testcase><testcase classname="tests.test_uterun_backend.TestFare" name="test_estimate_default" time="0.196" /><testcase classname="tests.test_uterun_backend.TestFare" name="test_estimate_with_coords" time="0.092" /><testcase classname="tests.test_uterun_backend.TestDrivers" name="test_verified_drivers_list" time="0.087"><failure message="AssertionError: assert 1 &gt;= 4&#10; +  where 1 = len([{'id': '093f7ed8-d1a9-48e6-b4fa-8f42a44be573', 'full_name': 'Demo Driver', 'avatar': None, 'rating': 5, ...}])">E   AssertionError: assert 1 &gt;= 4
     +  where 1 = len([{'id': '093f7ed8-d1a9-48e6-b4fa-8f42a44be573', 'full_name': 'Demo Driver', 'avatar': None, 'rating': 5, ...}])</failure></testcase><testcase classname="tests.test_uterun_backend.TestDrivers" name="test_driver_onboarding_and_earnings" time="0.179"><error message="failed on setup with &quot;AssertionError: signup failed: {&quot;detail&quot;:&quot;Phone verification code required&quot;}&#10;assert 400 == 200&#10; +  where 400 = &lt;Response [400]&gt;.status_code&quot;">E   AssertionError: signup failed: {"detail":"Phone verification code required"}
    assert 400 == 200
     +  where 400 = &lt;Response [400]&gt;.status_code</error></testcase><testcase classname="tests.test_uterun_backend.TestJobsLifecycle" name="test_instant_dispatch_autoassign" time="0.000"><error message="failed on setup with &quot;AssertionError: signup failed: {&quot;detail&quot;:&quot;Phone verification code required&quot;}&#10;assert 400 == 200&#10; +  where 400 = &lt;Response [400]&gt;.status_code&quot;">E   AssertionError: signup failed: {"detail":"Phone verification code required"}
    assert 400 == 200
     +  where 400 = &lt;Response [400]&gt;.status_code</error></testcase><testcase classname="tests.test_uterun_backend.TestJobsLifecycle" name="test_offers_mode_stays_open_and_accept_and_advance" time="0.000"><error message="failed on setup with &quot;AssertionError: signup failed: {&quot;detail&quot;:&quot;Phone verification code required&quot;}&#10;assert 400 == 200&#10; +  where 400 = &lt;Response [400]&gt;.status_code&quot;">E   AssertionError: signup failed: {"detail":"Phone verification code required"}
    assert 400 == 200
     +  where 400 = &lt;Response [400]&gt;.status_code</error></testcase><testcase classname="tests.test_uterun_backend.TestJobsLifecycle" name="test_accept_already_accepted_fails" time="0.000"><error message="failed on setup with &quot;AssertionError: signup failed: {&quot;detail&quot;:&quot;Phone verification code required&quot;}&#10;assert 400 == 200&#10; +  where 400 = &lt;Response [400]&gt;.status_code&quot;">E   AssertionError: signup failed: {"detail":"Phone verification code required"}
    assert 400 == 200
     +  where 400 = &lt;Response [400]&gt;.status_code</error></testcase><testcase classname="tests.test_uterun_backend.TestJobsLifecycle" name="test_get_unknown_job" time="0.000"><error message="failed on setup with &quot;AssertionError: signup failed: {&quot;detail&quot;:&quot;Phone verification code required&quot;}&#10;assert 400 == 200&#10; +  where 400 = &lt;Response [400]&gt;.status_code&quot;">E   AssertionError: signup failed: {"detail":"Phone verification code required"}
    assert 400 == 200
     +  where 400 = &lt;Response [400]&gt;.status_code</error></testcase><testcase classname="tests.test_uterun_backend.TestMessaging" name="test_messages_and_conversations" time="0.000"><error message="failed on setup with &quot;AssertionError: signup failed: {&quot;detail&quot;:&quot;Phone verification code required&quot;}&#10;assert 400 == 200&#10; +  where 400 = &lt;Response [400]&gt;.status_code&quot;">E   AssertionError: signup failed: {"detail":"Phone verification code required"}
    assert 400 == 200
     +  where 400 = &lt;Response [400]&gt;.status_code</error></testcase></testsuite></testsuites>