<?xml version="1.0" encoding="utf-8"?><testsuites name="pytest tests"><testsuite name="pytest" errors="0" failures="0" skipped="0" tests="19" time="6.858" timestamp="2026-06-21T03:12:00.333486+00:00" hostname="agent-env-32310ec1-0e66-4730-8cc6-817c7f3fae31"><testcase classname="tests.test_payments_subs.TestPaymentsConfig" name="test_payments_config_enabled" time="0.223" /><testcase classname="tests.test_payments_subs.TestPaymentsConfig" name="test_plans_customer" time="0.138" /><testcase classname="tests.test_payments_subs.TestPaymentsConfig" name="test_plans_driver" time="0.101" /><testcase classname="tests.test_payments_subs.TestSubscriptionCheckout" name="test_create_sub_checkout_pro_monthly" time="1.054" /><testcase classname="tests.test_payments_subs.TestSubscriptionCheckout" name="test_create_sub_checkout_annual" time="0.568" /><testcase classname="tests.test_payments_subs.TestSubscriptionCheckout" name="test_create_sub_checkout_driver" time="0.819" /><testcase classname="tests.test_payments_subs.TestSubscriptionCheckout" name="test_create_sub_checkout_invalid_plan" time="0.098" /><testcase classname="tests.test_payments_subs.TestSubscriptionCheckout" name="test_create_sub_checkout_unauthorized" time="0.093" /><testcase classname="tests.test_payments_subs.TestSubscriptionCheckout" name="test_verify_unknown_session_returns_pending_or_404" time="0.187" /><testcase classname="tests.test_payments_subs.TestStripeCheckoutSession" name="test_checkout_url_is_live_and_aud" time="0.781" /><testcase classname="tests.test_payments_subs.TestJobCheckout" name="test_create_job_checkout_full_flow" time="0.574" /><testcase classname="tests.test_payments_subs.TestJobCheckout" name="test_job_checkout_unknown_job" time="0.137" /><testcase classname="tests.test_payments_subs.TestSubscriptionDiscount" name="test_pro_subscription_applies_20pct_discount" time="0.772" /><testcase classname="tests.test_payments_subs.TestOtpSignup" name="test_signup_without_otp_when_twilio_enabled_fails" time="0.101" /><testcase classname="tests.test_payments_subs.TestOtpSignup" name="test_signup_with_bad_otp_fails" time="0.098" /><testcase classname="tests.test_payments_subs.TestRegression" name="test_login_demo_customer" time="0.311" /><testcase classname="tests.test_payments_subs.TestRegression" name="test_login_demo_driver" time="0.317" /><testcase classname="tests.test_payments_subs.TestRegression" name="test_role_toggle_demo" time="0.188" /><testcase classname="tests.test_payments_subs.TestRegression" name="test_verified_drivers_and_feed" time="0.210" /></testsuite></testsuites>