<?xml version="1.0" encoding="utf-8"?><testsuites name="pytest tests"><testsuite name="pytest" errors="0" failures="1" skipped="0" tests="17" time="5.190" timestamp="2026-06-20T23:36:43.340478+00:00" hostname="agent-env-32310ec1-0e66-4730-8cc6-817c7f3fae31"><testcase classname="tests.test_uterun_backend.TestAuth" name="test_root" time="0.254" /><testcase classname="tests.test_uterun_backend.TestAuth" name="test_signup_new" time="0.134"><failure message="assert 422 == 200&#10; +  where 422 = &lt;Response [422]&gt;.status_code">tests/test_uterun_backend.py:66: in test_signup_new
    assert r.status_code == 200
E   assert 422 == 200
E    +  where 422 = &lt;Response [422]&gt;.status_code</failure></testcase><testcase classname="tests.test_uterun_backend.TestAuth" name="test_signup_duplicate" time="0.474" /><testcase classname="tests.test_uterun_backend.TestAuth" name="test_login_invalid" time="0.311" /><testcase classname="tests.test_uterun_backend.TestAuth" name="test_me" time="0.134" /><testcase classname="tests.test_uterun_backend.TestAuth" name="test_me_unauthorized" time="0.135" /><testcase classname="tests.test_uterun_backend.TestAuth" name="test_role_toggle" time="0.219" /><testcase classname="tests.test_uterun_backend.TestAuth" name="test_otp_mock" time="0.283" /><testcase classname="tests.test_uterun_backend.TestFare" name="test_estimate_default" time="0.089" /><testcase classname="tests.test_uterun_backend.TestFare" name="test_estimate_with_coords" time="0.120" /><testcase classname="tests.test_uterun_backend.TestDrivers" name="test_verified_drivers_list" time="0.128" /><testcase classname="tests.test_uterun_backend.TestDrivers" name="test_driver_onboarding_and_earnings" time="0.842" /><testcase classname="tests.test_uterun_backend.TestJobsLifecycle" name="test_instant_dispatch_autoassign" time="0.092" /><testcase classname="tests.test_uterun_backend.TestJobsLifecycle" name="test_offers_mode_stays_open_and_accept_and_advance" time="0.894" /><testcase classname="tests.test_uterun_backend.TestJobsLifecycle" name="test_accept_already_accepted_fails" time="0.191" /><testcase classname="tests.test_uterun_backend.TestJobsLifecycle" name="test_get_unknown_job" time="0.089" /><testcase classname="tests.test_uterun_backend.TestMessaging" name="test_messages_and_conversations" time="0.701" /></testsuite></testsuites>